[debug] [2018-07-11T05:30:57.173Z] ----------------------------------------------------------------------
[debug] [2018-07-11T05:30:57.176Z] Command:       /home/stormland/.nvm/versions/node/v10.6.0/bin/node /home/stormland/.nvm/versions/node/v10.6.0/bin/firebase serve
[debug] [2018-07-11T05:30:57.176Z] CLI Version:   3.19.3
[debug] [2018-07-11T05:30:57.176Z] Platform:      linux
[debug] [2018-07-11T05:30:57.176Z] Node Version:  v10.6.0
[debug] [2018-07-11T05:30:57.177Z] Time:          Wed Jul 11 2018 08:30:57 GMT+0300 (Eastern European Summer Time)
[debug] [2018-07-11T05:30:57.177Z] ----------------------------------------------------------------------
[debug] 
[debug] [2018-07-11T05:30:57.189Z] > command requires scopes: ["email","openid","https://www.googleapis.com/auth/cloudplatformprojects.readonly","https://www.googleapis.com/auth/firebase","https://www.googleapis.com/auth/cloud-platform"]
[debug] [2018-07-11T05:30:57.190Z] > authorizing via signed-in user
[debug] [2018-07-11T05:30:57.193Z] >>> HTTP REQUEST GET https://admin.firebase.com/v1/projects/webex-17ca5  
  
 Wed Jul 11 2018 08:30:57 GMT+0300 (Eastern European Summer Time)
[debug] [2018-07-11T05:30:57.936Z] <<< HTTP RESPONSE 200
[debug] [2018-07-11T05:30:57.939Z] >>> HTTP REQUEST GET https://admin.firebase.com/v1/database/webex-17ca5/tokens  
  
 Wed Jul 11 2018 08:30:57 GMT+0300 (Eastern European Summer Time)
[debug] [2018-07-11T05:30:58.612Z] <<< HTTP RESPONSE 200
[debug] [2018-07-11T05:30:58.613Z] >>> HTTP REQUEST GET https://cloudresourcemanager.googleapis.com/v1/projects/webex-17ca5  
  
 Wed Jul 11 2018 08:30:58 GMT+0300 (Eastern European Summer Time)
[debug] [2018-07-11T05:30:59.550Z] <<< HTTP RESPONSE 200
[info] 
[info] === Serving from '/home/stormland/webex'...
[info] 
[info] i  functions: Preparing to emulate functions.
[debug] [2018-07-11T05:31:00.455Z] Fetching environment
[debug] [2018-07-11T05:31:00.458Z] >>> HTTP REQUEST GET https://mobilesdk-pa.googleapis.com/v1/projects/182750654224:getServerAppConfig  
  
 Wed Jul 11 2018 08:31:00 GMT+0300 (Eastern European Summer Time)
[debug] [2018-07-11T05:31:00.458Z] >>> HTTP REQUEST GET https://mobilesdk-pa.googleapis.com/v1/projects/182750654224/clients/_:getWebAppConfig  
  
 Wed Jul 11 2018 08:31:00 GMT+0300 (Eastern European Summer Time)
[debug] [2018-07-11T05:31:00.957Z] <<< HTTP RESPONSE 200
[debug] [2018-07-11T05:31:00.958Z] Starting @google-cloud/functions-emulator
[debug] [2018-07-11T05:31:01.129Z] <<< HTTP RESPONSE 200
[info] i  hosting: Serving hosting files from: public
[info] ✔  hosting: Local server: http://localhost:5000

[debug] [2018-07-11T05:31:03.169Z] Parsing function triggers
[info] i  functions: No HTTPS functions found. Use firebase functions:shell if you would like to emulate other types of functions.
